C:\USERS\GARY\DESKTOP\N-XTREAM\MAP-SERVER.EXE
C:\USERS\GARY\DESKTOP\N-XTREAM\MAP-SERVER.ILK
C:\USERS\GARY\DESKTOP\N-XTREAM\MAP-SERVER.PDB
C:\USERS\GARY\DESKTOP\N-XTREAM\VCPROJ-9\MAP-SERVER_TXT\DEBUG\ATCOMMAND.OBJ
C:\USERS\GARY\DESKTOP\N-XTREAM\VCPROJ-9\MAP-SERVER_TXT\DEBUG\BATTLE.OBJ
C:\USERS\GARY\DESKTOP\N-XTREAM\VCPROJ-9\MAP-SERVER_TXT\DEBUG\BATTLEGROUND.OBJ
C:\USERS\GARY\DESKTOP\N-XTREAM\VCPROJ-9\MAP-SERVER_TXT\DEBUG\BUYINGSTORE.OBJ
C:\USERS\GARY\DESKTOP\N-XTREAM\VCPROJ-9\MAP-SERVER_TXT\DEBUG\CHAT.OBJ
C:\USERS\GARY\DESKTOP\N-XTREAM\VCPROJ-9\MAP-SERVER_TXT\DEBUG\CHRIF.OBJ
C:\USERS\GARY\DESKTOP\N-XTREAM\VCPROJ-9\MAP-SERVER_TXT\DEBUG\CLIF.OBJ
C:\USERS\GARY\DESKTOP\N-XTREAM\VCPROJ-9\MAP-SERVER_TXT\DEBUG\CORE.OBJ
C:\USERS\GARY\DESKTOP\N-XTREAM\VCPROJ-9\MAP-SERVER_TXT\DEBUG\DATE.OBJ
C:\USERS\GARY\DESKTOP\N-XTREAM\VCPROJ-9\MAP-SERVER_TXT\DEBUG\DB.OBJ
C:\USERS\GARY\DESKTOP\N-XTREAM\VCPROJ-9\MAP-SERVER_TXT\DEBUG\DUEL.OBJ
C:\USERS\GARY\DESKTOP\N-XTREAM\VCPROJ-9\MAP-SERVER_TXT\DEBUG\ELEMENTAL.OBJ
C:\USERS\GARY\DESKTOP\N-XTREAM\VCPROJ-9\MAP-SERVER_TXT\DEBUG\ERS.OBJ
C:\USERS\GARY\DESKTOP\N-XTREAM\VCPROJ-9\MAP-SERVER_TXT\DEBUG\GRFIO.OBJ
C:\USERS\GARY\DESKTOP\N-XTREAM\VCPROJ-9\MAP-SERVER_TXT\DEBUG\GUILD.OBJ
C:\USERS\GARY\DESKTOP\N-XTREAM\VCPROJ-9\MAP-SERVER_TXT\DEBUG\HOMUNCULUS.OBJ
C:\USERS\GARY\DESKTOP\N-XTREAM\VCPROJ-9\MAP-SERVER_TXT\DEBUG\INSTANCE.OBJ
C:\USERS\GARY\DESKTOP\N-XTREAM\VCPROJ-9\MAP-SERVER_TXT\DEBUG\INTIF.OBJ
C:\USERS\GARY\DESKTOP\N-XTREAM\VCPROJ-9\MAP-SERVER_TXT\DEBUG\ITEMDB.OBJ
C:\USERS\GARY\DESKTOP\N-XTREAM\VCPROJ-9\MAP-SERVER_TXT\DEBUG\LOCK.OBJ
C:\USERS\GARY\DESKTOP\N-XTREAM\VCPROJ-9\MAP-SERVER_TXT\DEBUG\LOG.OBJ
C:\USERS\GARY\DESKTOP\N-XTREAM\VCPROJ-9\MAP-SERVER_TXT\DEBUG\MAIL.OBJ
C:\USERS\GARY\DESKTOP\N-XTREAM\VCPROJ-9\MAP-SERVER_TXT\DEBUG\MALLOC.OBJ
C:\USERS\GARY\DESKTOP\N-XTREAM\VCPROJ-9\MAP-SERVER_TXT\DEBUG\MAP.OBJ
C:\USERS\GARY\DESKTOP\N-XTREAM\VCPROJ-9\MAP-SERVER_TXT\DEBUG\MAPINDEX.OBJ
C:\USERS\GARY\DESKTOP\N-XTREAM\VCPROJ-9\MAP-SERVER_TXT\DEBUG\MAPREG_TXT.OBJ
C:\USERS\GARY\DESKTOP\N-XTREAM\VCPROJ-9\MAP-SERVER_TXT\DEBUG\MAP-SERVER_TXT.EXE.EMBED.MANIFEST
C:\USERS\GARY\DESKTOP\N-XTREAM\VCPROJ-9\MAP-SERVER_TXT\DEBUG\MAP-SERVER_TXT.EXE.EMBED.MANIFEST.RES
C:\USERS\GARY\DESKTOP\N-XTREAM\VCPROJ-9\MAP-SERVER_TXT\DEBUG\MAP-SERVER_TXT.EXE.INTERMEDIATE.MANIFEST
C:\USERS\GARY\DESKTOP\N-XTREAM\VCPROJ-9\MAP-SERVER_TXT\DEBUG\MD5CALC.OBJ
C:\USERS\GARY\DESKTOP\N-XTREAM\VCPROJ-9\MAP-SERVER_TXT\DEBUG\MERCENARY.OBJ
C:\USERS\GARY\DESKTOP\N-XTREAM\VCPROJ-9\MAP-SERVER_TXT\DEBUG\MOB.OBJ
C:\USERS\GARY\DESKTOP\N-XTREAM\VCPROJ-9\MAP-SERVER_TXT\DEBUG\NPC.OBJ
C:\USERS\GARY\DESKTOP\N-XTREAM\VCPROJ-9\MAP-SERVER_TXT\DEBUG\NPC_CHAT.OBJ
C:\USERS\GARY\DESKTOP\N-XTREAM\VCPROJ-9\MAP-SERVER_TXT\DEBUG\NULLPO.OBJ
C:\USERS\GARY\DESKTOP\N-XTREAM\VCPROJ-9\MAP-SERVER_TXT\DEBUG\PARTY.OBJ
C:\USERS\GARY\DESKTOP\N-XTREAM\VCPROJ-9\MAP-SERVER_TXT\DEBUG\PATH.OBJ
C:\USERS\GARY\DESKTOP\N-XTREAM\VCPROJ-9\MAP-SERVER_TXT\DEBUG\PC.OBJ
C:\USERS\GARY\DESKTOP\N-XTREAM\VCPROJ-9\MAP-SERVER_TXT\DEBUG\PET.OBJ
C:\USERS\GARY\DESKTOP\N-XTREAM\VCPROJ-9\MAP-SERVER_TXT\DEBUG\PLUGINS.OBJ
C:\USERS\GARY\DESKTOP\N-XTREAM\VCPROJ-9\MAP-SERVER_TXT\DEBUG\QUEST.OBJ
C:\USERS\GARY\DESKTOP\N-XTREAM\VCPROJ-9\MAP-SERVER_TXT\DEBUG\SCRIPT.OBJ
C:\USERS\GARY\DESKTOP\N-XTREAM\VCPROJ-9\MAP-SERVER_TXT\DEBUG\SEARCHSTORE.OBJ
C:\USERS\GARY\DESKTOP\N-XTREAM\VCPROJ-9\MAP-SERVER_TXT\DEBUG\SHOWMSG.OBJ
C:\USERS\GARY\DESKTOP\N-XTREAM\VCPROJ-9\MAP-SERVER_TXT\DEBUG\SKILL.OBJ
C:\USERS\GARY\DESKTOP\N-XTREAM\VCPROJ-9\MAP-SERVER_TXT\DEBUG\SOCKET.OBJ
C:\USERS\GARY\DESKTOP\N-XTREAM\VCPROJ-9\MAP-SERVER_TXT\DEBUG\STATUS.OBJ
C:\USERS\GARY\DESKTOP\N-XTREAM\VCPROJ-9\MAP-SERVER_TXT\DEBUG\STORAGE.OBJ
C:\USERS\GARY\DESKTOP\N-XTREAM\VCPROJ-9\MAP-SERVER_TXT\DEBUG\STRLIB.OBJ
C:\USERS\GARY\DESKTOP\N-XTREAM\VCPROJ-9\MAP-SERVER_TXT\DEBUG\TIMER.OBJ
C:\USERS\GARY\DESKTOP\N-XTREAM\VCPROJ-9\MAP-SERVER_TXT\DEBUG\TRADE.OBJ
C:\USERS\GARY\DESKTOP\N-XTREAM\VCPROJ-9\MAP-SERVER_TXT\DEBUG\UNIT.OBJ
C:\USERS\GARY\DESKTOP\N-XTREAM\VCPROJ-9\MAP-SERVER_TXT\DEBUG\UTILS.OBJ
C:\USERS\GARY\DESKTOP\N-XTREAM\VCPROJ-9\MAP-SERVER_TXT\DEBUG\VC100.PDB
C:\USERS\GARY\DESKTOP\N-XTREAM\VCPROJ-9\MAP-SERVER_TXT\DEBUG\VENDING.OBJ
C:\Users\Gary\Desktop\Server [Pure]\vcproj-9\map-server_txt\Debug\atcommand.obj
C:\Users\Gary\Desktop\Server [Pure]\vcproj-9\map-server_txt\Debug\battle.obj
C:\Users\Gary\Desktop\Server [Pure]\vcproj-9\map-server_txt\Debug\battleground.obj
C:\Users\Gary\Desktop\Server [Pure]\vcproj-9\map-server_txt\Debug\buyingstore.obj
C:\Users\Gary\Desktop\Server [Pure]\vcproj-9\map-server_txt\Debug\chat.obj
C:\Users\Gary\Desktop\Server [Pure]\vcproj-9\map-server_txt\Debug\chrif.obj
C:\Users\Gary\Desktop\Server [Pure]\vcproj-9\map-server_txt\Debug\cl.command.1.tlog
C:\Users\Gary\Desktop\Server [Pure]\vcproj-9\map-server_txt\Debug\CL.read.1.tlog
C:\Users\Gary\Desktop\Server [Pure]\vcproj-9\map-server_txt\Debug\cl.write.1.tlog
C:\Users\Gary\Desktop\Server [Pure]\vcproj-9\map-server_txt\Debug\clif.obj
C:\Users\Gary\Desktop\Server [Pure]\vcproj-9\map-server_txt\Debug\core.obj
C:\Users\Gary\Desktop\Server [Pure]\vcproj-9\map-server_txt\Debug\date.obj
C:\Users\Gary\Desktop\Server [Pure]\vcproj-9\map-server_txt\Debug\db.obj
C:\Users\Gary\Desktop\Server [Pure]\vcproj-9\map-server_txt\Debug\duel.obj
C:\Users\Gary\Desktop\Server [Pure]\vcproj-9\map-server_txt\Debug\elemental.obj
C:\Users\Gary\Desktop\Server [Pure]\vcproj-9\map-server_txt\Debug\ers.obj
C:\Users\Gary\Desktop\Server [Pure]\vcproj-9\map-server_txt\Debug\grfio.obj
C:\Users\Gary\Desktop\Server [Pure]\vcproj-9\map-server_txt\Debug\guild.obj
C:\Users\Gary\Desktop\Server [Pure]\vcproj-9\map-server_txt\Debug\homunculus.obj
C:\Users\Gary\Desktop\Server [Pure]\vcproj-9\map-server_txt\Debug\instance.obj
C:\Users\Gary\Desktop\Server [Pure]\vcproj-9\map-server_txt\Debug\intif.obj
C:\Users\Gary\Desktop\Server [Pure]\vcproj-9\map-server_txt\Debug\itemdb.obj
C:\Users\Gary\Desktop\Server [Pure]\vcproj-9\map-server_txt\Debug\link.5744.read.1.tlog
C:\Users\Gary\Desktop\Server [Pure]\vcproj-9\map-server_txt\Debug\link.5744.write.1.tlog
C:\Users\Gary\Desktop\Server [Pure]\vcproj-9\map-server_txt\Debug\link.5744-cvtres.read.1.tlog
C:\Users\Gary\Desktop\Server [Pure]\vcproj-9\map-server_txt\Debug\link.5744-cvtres.write.1.tlog
C:\Users\Gary\Desktop\Server [Pure]\vcproj-9\map-server_txt\Debug\link.command.1.tlog
C:\Users\Gary\Desktop\Server [Pure]\vcproj-9\map-server_txt\Debug\link.read.1.tlog
C:\Users\Gary\Desktop\Server [Pure]\vcproj-9\map-server_txt\Debug\link.write.1.tlog
C:\Users\Gary\Desktop\Server [Pure]\vcproj-9\map-server_txt\Debug\link-cvtres.read.1.tlog
C:\Users\Gary\Desktop\Server [Pure]\vcproj-9\map-server_txt\Debug\link-cvtres.write.1.tlog
C:\Users\Gary\Desktop\Server [Pure]\vcproj-9\map-server_txt\Debug\lock.obj
C:\Users\Gary\Desktop\Server [Pure]\vcproj-9\map-server_txt\Debug\log.obj
C:\Users\Gary\Desktop\Server [Pure]\vcproj-9\map-server_txt\Debug\mail.obj
C:\Users\Gary\Desktop\Server [Pure]\vcproj-9\map-server_txt\Debug\malloc.obj
C:\Users\Gary\Desktop\Server [Pure]\vcproj-9\map-server_txt\Debug\map.obj
C:\Users\Gary\Desktop\Server [Pure]\vcproj-9\map-server_txt\Debug\mapindex.obj
C:\Users\Gary\Desktop\Server [Pure]\vcproj-9\map-server_txt\Debug\mapreg_txt.obj
C:\Users\Gary\Desktop\Server [Pure]\vcproj-9\map-server_txt\Debug\map-server_txt.exe.embed.manifest
C:\Users\Gary\Desktop\Server [Pure]\vcproj-9\map-server_txt\Debug\map-server_txt.exe.embed.manifest.res
C:\Users\Gary\Desktop\Server [Pure]\vcproj-9\map-server_txt\Debug\map-server_txt.exe.intermediate.manifest
C:\Users\Gary\Desktop\Server [Pure]\vcproj-9\map-server_txt\Debug\map-server_txt_manifest.rc
C:\Users\Gary\Desktop\Server [Pure]\vcproj-9\map-server_txt\Debug\md5calc.obj
C:\Users\Gary\Desktop\Server [Pure]\vcproj-9\map-server_txt\Debug\mercenary.obj
C:\Users\Gary\Desktop\Server [Pure]\vcproj-9\map-server_txt\Debug\mob.obj
C:\Users\Gary\Desktop\Server [Pure]\vcproj-9\map-server_txt\Debug\mt.command.1.tlog
C:\Users\Gary\Desktop\Server [Pure]\vcproj-9\map-server_txt\Debug\mt.read.1.tlog
C:\Users\Gary\Desktop\Server [Pure]\vcproj-9\map-server_txt\Debug\mt.write.1.tlog
C:\Users\Gary\Desktop\Server [Pure]\vcproj-9\map-server_txt\Debug\npc.obj
C:\Users\Gary\Desktop\Server [Pure]\vcproj-9\map-server_txt\Debug\npc_chat.obj
C:\Users\Gary\Desktop\Server [Pure]\vcproj-9\map-server_txt\Debug\nullpo.obj
C:\Users\Gary\Desktop\Server [Pure]\vcproj-9\map-server_txt\Debug\party.obj
C:\Users\Gary\Desktop\Server [Pure]\vcproj-9\map-server_txt\Debug\path.obj
C:\Users\Gary\Desktop\Server [Pure]\vcproj-9\map-server_txt\Debug\pc.obj
C:\Users\Gary\Desktop\Server [Pure]\vcproj-9\map-server_txt\Debug\pet.obj
C:\Users\Gary\Desktop\Server [Pure]\vcproj-9\map-server_txt\Debug\plugins.obj
C:\Users\Gary\Desktop\Server [Pure]\vcproj-9\map-server_txt\Debug\quest.obj
C:\Users\Gary\Desktop\Server [Pure]\vcproj-9\map-server_txt\Debug\rc.command.1.tlog
C:\Users\Gary\Desktop\Server [Pure]\vcproj-9\map-server_txt\Debug\rc.read.1.tlog
C:\Users\Gary\Desktop\Server [Pure]\vcproj-9\map-server_txt\Debug\rc.write.1.tlog
C:\Users\Gary\Desktop\Server [Pure]\vcproj-9\map-server_txt\Debug\script.obj
C:\Users\Gary\Desktop\Server [Pure]\vcproj-9\map-server_txt\Debug\searchstore.obj
C:\Users\Gary\Desktop\Server [Pure]\vcproj-9\map-server_txt\Debug\showmsg.obj
C:\Users\Gary\Desktop\Server [Pure]\vcproj-9\map-server_txt\Debug\skill.obj
C:\Users\Gary\Desktop\Server [Pure]\vcproj-9\map-server_txt\Debug\socket.obj
C:\Users\Gary\Desktop\Server [Pure]\vcproj-9\map-server_txt\Debug\status.obj
C:\Users\Gary\Desktop\Server [Pure]\vcproj-9\map-server_txt\Debug\storage.obj
C:\Users\Gary\Desktop\Server [Pure]\vcproj-9\map-server_txt\Debug\strlib.obj
C:\Users\Gary\Desktop\Server [Pure]\vcproj-9\map-server_txt\Debug\timer.obj
C:\Users\Gary\Desktop\Server [Pure]\vcproj-9\map-server_txt\Debug\trade.obj
C:\Users\Gary\Desktop\Server [Pure]\vcproj-9\map-server_txt\Debug\unit.obj
C:\Users\Gary\Desktop\Server [Pure]\vcproj-9\map-server_txt\Debug\utils.obj
C:\Users\Gary\Desktop\Server [Pure]\vcproj-9\map-server_txt\Debug\vc100.idb
C:\Users\Gary\Desktop\Server [Pure]\vcproj-9\map-server_txt\Debug\vc100.pdb
C:\Users\Gary\Desktop\Server [Pure]\vcproj-9\map-server_txt\Debug\vending.obj
