..\map-server_sql.ilk
..\map-server_sql.pdb
C:\USERS\GARY\DESKTOP\BRAZIL NEW SAVE\WMBRZIL\MAP-SERVER_SQL.EXE
C:\USERS\GARY\DESKTOP\BRAZIL NEW SAVE\WMBRZIL\MAP-SERVER_SQL.ILK
C:\USERS\GARY\DESKTOP\BRAZIL NEW SAVE\WMBRZIL\MAP-SERVER_SQL.PDB
C:\Users\Gary\Desktop\Brazil New Save\wmbrzil\vcproj-9\..\map-server_sql.exe
C:\USERS\GARY\DESKTOP\BRAZIL NEW SAVE\WMBRZIL\VCPROJ-9\MAP-SERVER_SQL\DEBUG\ATCOMMAND.OBJ
C:\USERS\GARY\DESKTOP\BRAZIL NEW SAVE\WMBRZIL\VCPROJ-9\MAP-SERVER_SQL\DEBUG\BATTLE.OBJ
C:\USERS\GARY\DESKTOP\BRAZIL NEW SAVE\WMBRZIL\VCPROJ-9\MAP-SERVER_SQL\DEBUG\BATTLEGROUND.OBJ
C:\USERS\GARY\DESKTOP\BRAZIL NEW SAVE\WMBRZIL\VCPROJ-9\MAP-SERVER_SQL\DEBUG\BUYINGSTORE.OBJ
C:\USERS\GARY\DESKTOP\BRAZIL NEW SAVE\WMBRZIL\VCPROJ-9\MAP-SERVER_SQL\DEBUG\CHAT.OBJ
C:\USERS\GARY\DESKTOP\BRAZIL NEW SAVE\WMBRZIL\VCPROJ-9\MAP-SERVER_SQL\DEBUG\CHRIF.OBJ
C:\Users\Gary\Desktop\Brazil New Save\wmbrzil\vcproj-9\map-server_sql\Debug\cl.command.1.tlog
C:\Users\Gary\Desktop\Brazil New Save\wmbrzil\vcproj-9\map-server_sql\Debug\CL.read.1.tlog
C:\Users\Gary\Desktop\Brazil New Save\wmbrzil\vcproj-9\map-server_sql\Debug\CL.write.1.tlog
C:\USERS\GARY\DESKTOP\BRAZIL NEW SAVE\WMBRZIL\VCPROJ-9\MAP-SERVER_SQL\DEBUG\CLIF.OBJ
C:\USERS\GARY\DESKTOP\BRAZIL NEW SAVE\WMBRZIL\VCPROJ-9\MAP-SERVER_SQL\DEBUG\CORE.OBJ
C:\USERS\GARY\DESKTOP\BRAZIL NEW SAVE\WMBRZIL\VCPROJ-9\MAP-SERVER_SQL\DEBUG\DATE.OBJ
C:\USERS\GARY\DESKTOP\BRAZIL NEW SAVE\WMBRZIL\VCPROJ-9\MAP-SERVER_SQL\DEBUG\DB.OBJ
C:\USERS\GARY\DESKTOP\BRAZIL NEW SAVE\WMBRZIL\VCPROJ-9\MAP-SERVER_SQL\DEBUG\DUEL.OBJ
C:\USERS\GARY\DESKTOP\BRAZIL NEW SAVE\WMBRZIL\VCPROJ-9\MAP-SERVER_SQL\DEBUG\ELEMENTAL.OBJ
C:\USERS\GARY\DESKTOP\BRAZIL NEW SAVE\WMBRZIL\VCPROJ-9\MAP-SERVER_SQL\DEBUG\ERS.OBJ
C:\USERS\GARY\DESKTOP\BRAZIL NEW SAVE\WMBRZIL\VCPROJ-9\MAP-SERVER_SQL\DEBUG\GRFIO.OBJ
C:\USERS\GARY\DESKTOP\BRAZIL NEW SAVE\WMBRZIL\VCPROJ-9\MAP-SERVER_SQL\DEBUG\GUILD.OBJ
C:\USERS\GARY\DESKTOP\BRAZIL NEW SAVE\WMBRZIL\VCPROJ-9\MAP-SERVER_SQL\DEBUG\HOMUNCULUS.OBJ
C:\USERS\GARY\DESKTOP\BRAZIL NEW SAVE\WMBRZIL\VCPROJ-9\MAP-SERVER_SQL\DEBUG\INSTANCE.OBJ
C:\USERS\GARY\DESKTOP\BRAZIL NEW SAVE\WMBRZIL\VCPROJ-9\MAP-SERVER_SQL\DEBUG\INTIF.OBJ
C:\USERS\GARY\DESKTOP\BRAZIL NEW SAVE\WMBRZIL\VCPROJ-9\MAP-SERVER_SQL\DEBUG\ITEMDB.OBJ
C:\Users\Gary\Desktop\Brazil New Save\wmbrzil\vcproj-9\map-server_sql\Debug\link.7900.read.1.tlog
C:\Users\Gary\Desktop\Brazil New Save\wmbrzil\vcproj-9\map-server_sql\Debug\link.7900.write.1.tlog
C:\Users\Gary\Desktop\Brazil New Save\wmbrzil\vcproj-9\map-server_sql\Debug\link.7900-cvtres.read.1.tlog
C:\Users\Gary\Desktop\Brazil New Save\wmbrzil\vcproj-9\map-server_sql\Debug\link.7900-cvtres.write.1.tlog
C:\Users\Gary\Desktop\Brazil New Save\wmbrzil\vcproj-9\map-server_sql\Debug\link.command.1.tlog
C:\Users\Gary\Desktop\Brazil New Save\wmbrzil\vcproj-9\map-server_sql\Debug\link.read.1.tlog
C:\Users\Gary\Desktop\Brazil New Save\wmbrzil\vcproj-9\map-server_sql\Debug\link.write.1.tlog
C:\Users\Gary\Desktop\Brazil New Save\wmbrzil\vcproj-9\map-server_sql\Debug\link-cvtres.read.1.tlog
C:\Users\Gary\Desktop\Brazil New Save\wmbrzil\vcproj-9\map-server_sql\Debug\link-cvtres.write.1.tlog
C:\USERS\GARY\DESKTOP\BRAZIL NEW SAVE\WMBRZIL\VCPROJ-9\MAP-SERVER_SQL\DEBUG\LOCK.OBJ
C:\USERS\GARY\DESKTOP\BRAZIL NEW SAVE\WMBRZIL\VCPROJ-9\MAP-SERVER_SQL\DEBUG\LOG.OBJ
C:\USERS\GARY\DESKTOP\BRAZIL NEW SAVE\WMBRZIL\VCPROJ-9\MAP-SERVER_SQL\DEBUG\MAIL.OBJ
C:\USERS\GARY\DESKTOP\BRAZIL NEW SAVE\WMBRZIL\VCPROJ-9\MAP-SERVER_SQL\DEBUG\MALLOC.OBJ
C:\USERS\GARY\DESKTOP\BRAZIL NEW SAVE\WMBRZIL\VCPROJ-9\MAP-SERVER_SQL\DEBUG\MAP.OBJ
C:\USERS\GARY\DESKTOP\BRAZIL NEW SAVE\WMBRZIL\VCPROJ-9\MAP-SERVER_SQL\DEBUG\MAPINDEX.OBJ
C:\USERS\GARY\DESKTOP\BRAZIL NEW SAVE\WMBRZIL\VCPROJ-9\MAP-SERVER_SQL\DEBUG\MAPREG.OBJ
C:\USERS\GARY\DESKTOP\BRAZIL NEW SAVE\WMBRZIL\VCPROJ-9\MAP-SERVER_SQL\DEBUG\MAP-SERVER_SQL.EXE.EMBED.MANIFEST
C:\USERS\GARY\DESKTOP\BRAZIL NEW SAVE\WMBRZIL\VCPROJ-9\MAP-SERVER_SQL\DEBUG\MAP-SERVER_SQL.EXE.EMBED.MANIFEST.RES
C:\USERS\GARY\DESKTOP\BRAZIL NEW SAVE\WMBRZIL\VCPROJ-9\MAP-SERVER_SQL\DEBUG\MAP-SERVER_SQL.EXE.INTERMEDIATE.MANIFEST
C:\Users\Gary\Desktop\Brazil New Save\wmbrzil\vcproj-9\map-server_sql\Debug\map-server_sql_manifest.rc
C:\USERS\GARY\DESKTOP\BRAZIL NEW SAVE\WMBRZIL\VCPROJ-9\MAP-SERVER_SQL\DEBUG\MD5CALC.OBJ
C:\USERS\GARY\DESKTOP\BRAZIL NEW SAVE\WMBRZIL\VCPROJ-9\MAP-SERVER_SQL\DEBUG\MERCENARY.OBJ
C:\USERS\GARY\DESKTOP\BRAZIL NEW SAVE\WMBRZIL\VCPROJ-9\MAP-SERVER_SQL\DEBUG\MOB.OBJ
C:\Users\Gary\Desktop\Brazil New Save\wmbrzil\vcproj-9\map-server_sql\Debug\mt.command.1.tlog
C:\Users\Gary\Desktop\Brazil New Save\wmbrzil\vcproj-9\map-server_sql\Debug\mt.read.1.tlog
C:\Users\Gary\Desktop\Brazil New Save\wmbrzil\vcproj-9\map-server_sql\Debug\mt.write.1.tlog
C:\USERS\GARY\DESKTOP\BRAZIL NEW SAVE\WMBRZIL\VCPROJ-9\MAP-SERVER_SQL\DEBUG\MT19937AR.OBJ
C:\USERS\GARY\DESKTOP\BRAZIL NEW SAVE\WMBRZIL\VCPROJ-9\MAP-SERVER_SQL\DEBUG\NPC.OBJ
C:\USERS\GARY\DESKTOP\BRAZIL NEW SAVE\WMBRZIL\VCPROJ-9\MAP-SERVER_SQL\DEBUG\NPC_CHAT.OBJ
C:\USERS\GARY\DESKTOP\BRAZIL NEW SAVE\WMBRZIL\VCPROJ-9\MAP-SERVER_SQL\DEBUG\NULLPO.OBJ
C:\USERS\GARY\DESKTOP\BRAZIL NEW SAVE\WMBRZIL\VCPROJ-9\MAP-SERVER_SQL\DEBUG\PARTY.OBJ
C:\USERS\GARY\DESKTOP\BRAZIL NEW SAVE\WMBRZIL\VCPROJ-9\MAP-SERVER_SQL\DEBUG\PATH.OBJ
C:\USERS\GARY\DESKTOP\BRAZIL NEW SAVE\WMBRZIL\VCPROJ-9\MAP-SERVER_SQL\DEBUG\PC.OBJ
C:\USERS\GARY\DESKTOP\BRAZIL NEW SAVE\WMBRZIL\VCPROJ-9\MAP-SERVER_SQL\DEBUG\PET.OBJ
C:\USERS\GARY\DESKTOP\BRAZIL NEW SAVE\WMBRZIL\VCPROJ-9\MAP-SERVER_SQL\DEBUG\PLUGINS.OBJ
C:\USERS\GARY\DESKTOP\BRAZIL NEW SAVE\WMBRZIL\VCPROJ-9\MAP-SERVER_SQL\DEBUG\QUEST.OBJ
C:\USERS\GARY\DESKTOP\BRAZIL NEW SAVE\WMBRZIL\VCPROJ-9\MAP-SERVER_SQL\DEBUG\RANDOM.OBJ
C:\Users\Gary\Desktop\Brazil New Save\wmbrzil\vcproj-9\map-server_sql\Debug\rc.command.1.tlog
C:\Users\Gary\Desktop\Brazil New Save\wmbrzil\vcproj-9\map-server_sql\Debug\rc.read.1.tlog
C:\Users\Gary\Desktop\Brazil New Save\wmbrzil\vcproj-9\map-server_sql\Debug\rc.write.1.tlog
C:\USERS\GARY\DESKTOP\BRAZIL NEW SAVE\WMBRZIL\VCPROJ-9\MAP-SERVER_SQL\DEBUG\SCRIPT.OBJ
C:\USERS\GARY\DESKTOP\BRAZIL NEW SAVE\WMBRZIL\VCPROJ-9\MAP-SERVER_SQL\DEBUG\SEARCHSTORE.OBJ
C:\USERS\GARY\DESKTOP\BRAZIL NEW SAVE\WMBRZIL\VCPROJ-9\MAP-SERVER_SQL\DEBUG\SHOWMSG.OBJ
C:\USERS\GARY\DESKTOP\BRAZIL NEW SAVE\WMBRZIL\VCPROJ-9\MAP-SERVER_SQL\DEBUG\SKILL.OBJ
C:\USERS\GARY\DESKTOP\BRAZIL NEW SAVE\WMBRZIL\VCPROJ-9\MAP-SERVER_SQL\DEBUG\SOCKET.OBJ
C:\USERS\GARY\DESKTOP\BRAZIL NEW SAVE\WMBRZIL\VCPROJ-9\MAP-SERVER_SQL\DEBUG\SQL.OBJ
C:\USERS\GARY\DESKTOP\BRAZIL NEW SAVE\WMBRZIL\VCPROJ-9\MAP-SERVER_SQL\DEBUG\STATUS.OBJ
C:\USERS\GARY\DESKTOP\BRAZIL NEW SAVE\WMBRZIL\VCPROJ-9\MAP-SERVER_SQL\DEBUG\STORAGE.OBJ
C:\USERS\GARY\DESKTOP\BRAZIL NEW SAVE\WMBRZIL\VCPROJ-9\MAP-SERVER_SQL\DEBUG\STRLIB.OBJ
C:\USERS\GARY\DESKTOP\BRAZIL NEW SAVE\WMBRZIL\VCPROJ-9\MAP-SERVER_SQL\DEBUG\TIMER.OBJ
C:\USERS\GARY\DESKTOP\BRAZIL NEW SAVE\WMBRZIL\VCPROJ-9\MAP-SERVER_SQL\DEBUG\TRADE.OBJ
C:\USERS\GARY\DESKTOP\BRAZIL NEW SAVE\WMBRZIL\VCPROJ-9\MAP-SERVER_SQL\DEBUG\UNIT.OBJ
C:\USERS\GARY\DESKTOP\BRAZIL NEW SAVE\WMBRZIL\VCPROJ-9\MAP-SERVER_SQL\DEBUG\UTILS.OBJ
C:\Users\Gary\Desktop\Brazil New Save\wmbrzil\vcproj-9\map-server_sql\Debug\vc100.idb
C:\USERS\GARY\DESKTOP\BRAZIL NEW SAVE\WMBRZIL\VCPROJ-9\MAP-SERVER_SQL\DEBUG\VC100.PDB
C:\USERS\GARY\DESKTOP\BRAZIL NEW SAVE\WMBRZIL\VCPROJ-9\MAP-SERVER_SQL\DEBUG\VENDING.OBJ
