C:\USERS\GARY\DESKTOP\BRAZIL NEW SAVE\WMBRZIL\PLUGINS\CONSOLE.DLL
C:\USERS\GARY\DESKTOP\BRAZIL NEW SAVE\WMBRZIL\PLUGINS\CONSOLE.ILK
C:\USERS\GARY\DESKTOP\BRAZIL NEW SAVE\WMBRZIL\PLUGINS\CONSOLE.PDB
C:\Users\Gary\Desktop\Brazil New Save\wmbrzil\vcproj-9\.\Debug/console\console.dll.intermediate.manifest
C:\Users\Gary\Desktop\Brazil New Save\wmbrzil\vcproj-9\Debug\console\cl.command.1.tlog
C:\Users\Gary\Desktop\Brazil New Save\wmbrzil\vcproj-9\Debug\console\CL.read.1.tlog
C:\Users\Gary\Desktop\Brazil New Save\wmbrzil\vcproj-9\Debug\console\CL.write.1.tlog
C:\USERS\GARY\DESKTOP\BRAZIL NEW SAVE\WMBRZIL\VCPROJ-9\DEBUG\CONSOLE\CONSOLE.DLL.EMBED.MANIFEST
C:\USERS\GARY\DESKTOP\BRAZIL NEW SAVE\WMBRZIL\VCPROJ-9\DEBUG\CONSOLE\CONSOLE.DLL.EMBED.MANIFEST.RES
C:\USERS\GARY\DESKTOP\BRAZIL NEW SAVE\WMBRZIL\VCPROJ-9\DEBUG\CONSOLE\CONSOLE.DLL.INTERMEDIATE.MANIFEST
C:\Users\Gary\Desktop\Brazil New Save\wmbrzil\vcproj-9\Debug\console\console.exp
C:\Users\Gary\Desktop\Brazil New Save\wmbrzil\vcproj-9\Debug\console\console.lib
C:\USERS\GARY\DESKTOP\BRAZIL NEW SAVE\WMBRZIL\VCPROJ-9\DEBUG\CONSOLE\CONSOLE.OBJ
C:\Users\Gary\Desktop\Brazil New Save\wmbrzil\vcproj-9\Debug\console\console.write.1.tlog
C:\Users\Gary\Desktop\Brazil New Save\wmbrzil\vcproj-9\Debug\console\console_manifest.rc
C:\Users\Gary\Desktop\Brazil New Save\wmbrzil\vcproj-9\Debug\console\link.6792.read.1.tlog
C:\Users\Gary\Desktop\Brazil New Save\wmbrzil\vcproj-9\Debug\console\link.6792.write.1.tlog
C:\Users\Gary\Desktop\Brazil New Save\wmbrzil\vcproj-9\Debug\console\link.6792-cvtres.read.1.tlog
C:\Users\Gary\Desktop\Brazil New Save\wmbrzil\vcproj-9\Debug\console\link.6792-cvtres.write.1.tlog
C:\Users\Gary\Desktop\Brazil New Save\wmbrzil\vcproj-9\Debug\console\link.command.1.tlog
C:\Users\Gary\Desktop\Brazil New Save\wmbrzil\vcproj-9\Debug\console\link.read.1.tlog
C:\Users\Gary\Desktop\Brazil New Save\wmbrzil\vcproj-9\Debug\console\link.write.1.tlog
C:\Users\Gary\Desktop\Brazil New Save\wmbrzil\vcproj-9\Debug\console\link-cvtres.read.1.tlog
C:\Users\Gary\Desktop\Brazil New Save\wmbrzil\vcproj-9\Debug\console\link-cvtres.write.1.tlog
C:\Users\Gary\Desktop\Brazil New Save\wmbrzil\vcproj-9\Debug\console\mt.command.1.tlog
C:\Users\Gary\Desktop\Brazil New Save\wmbrzil\vcproj-9\Debug\console\mt.read.1.tlog
C:\Users\Gary\Desktop\Brazil New Save\wmbrzil\vcproj-9\Debug\console\mt.write.1.tlog
C:\Users\Gary\Desktop\Brazil New Save\wmbrzil\vcproj-9\Debug\console\rc.command.1.tlog
C:\Users\Gary\Desktop\Brazil New Save\wmbrzil\vcproj-9\Debug\console\rc.read.1.tlog
C:\Users\Gary\Desktop\Brazil New Save\wmbrzil\vcproj-9\Debug\console\rc.write.1.tlog
C:\Users\Gary\Desktop\Brazil New Save\wmbrzil\vcproj-9\Debug\console\vc100.idb
C:\USERS\GARY\DESKTOP\BRAZIL NEW SAVE\WMBRZIL\VCPROJ-9\DEBUG\CONSOLE\VC100.PDB
