..\login-server_sql.ilk
..\login-server_sql.pdb
C:\USERS\GARY\DESKTOP\BRAZIL NEW SAVE\WMBRZIL\LOGIN-SERVER_SQL.EXE
C:\USERS\GARY\DESKTOP\BRAZIL NEW SAVE\WMBRZIL\LOGIN-SERVER_SQL.ILK
C:\USERS\GARY\DESKTOP\BRAZIL NEW SAVE\WMBRZIL\LOGIN-SERVER_SQL.PDB
C:\Users\Gary\Desktop\Brazil New Save\wmbrzil\vcproj-9\..\login-server_sql.exe
C:\USERS\GARY\DESKTOP\BRAZIL NEW SAVE\WMBRZIL\VCPROJ-9\LOGIN-SERVER_SQL\DEBUG\ACCOUNT.OBJ
C:\Users\Gary\Desktop\Brazil New Save\wmbrzil\vcproj-9\login-server_sql\Debug\cl.command.1.tlog
C:\Users\Gary\Desktop\Brazil New Save\wmbrzil\vcproj-9\login-server_sql\Debug\CL.read.1.tlog
C:\Users\Gary\Desktop\Brazil New Save\wmbrzil\vcproj-9\login-server_sql\Debug\CL.write.1.tlog
C:\USERS\GARY\DESKTOP\BRAZIL NEW SAVE\WMBRZIL\VCPROJ-9\LOGIN-SERVER_SQL\DEBUG\CORE.OBJ
C:\USERS\GARY\DESKTOP\BRAZIL NEW SAVE\WMBRZIL\VCPROJ-9\LOGIN-SERVER_SQL\DEBUG\DB.OBJ
C:\USERS\GARY\DESKTOP\BRAZIL NEW SAVE\WMBRZIL\VCPROJ-9\LOGIN-SERVER_SQL\DEBUG\ERS.OBJ
C:\USERS\GARY\DESKTOP\BRAZIL NEW SAVE\WMBRZIL\VCPROJ-9\LOGIN-SERVER_SQL\DEBUG\IPBAN.OBJ
C:\Users\Gary\Desktop\Brazil New Save\wmbrzil\vcproj-9\login-server_sql\Debug\link.5100.read.1.tlog
C:\Users\Gary\Desktop\Brazil New Save\wmbrzil\vcproj-9\login-server_sql\Debug\link.5100.write.1.tlog
C:\Users\Gary\Desktop\Brazil New Save\wmbrzil\vcproj-9\login-server_sql\Debug\link.5100-cvtres.read.1.tlog
C:\Users\Gary\Desktop\Brazil New Save\wmbrzil\vcproj-9\login-server_sql\Debug\link.5100-cvtres.write.1.tlog
C:\Users\Gary\Desktop\Brazil New Save\wmbrzil\vcproj-9\login-server_sql\Debug\link.command.1.tlog
C:\Users\Gary\Desktop\Brazil New Save\wmbrzil\vcproj-9\login-server_sql\Debug\link.read.1.tlog
C:\Users\Gary\Desktop\Brazil New Save\wmbrzil\vcproj-9\login-server_sql\Debug\link.write.1.tlog
C:\Users\Gary\Desktop\Brazil New Save\wmbrzil\vcproj-9\login-server_sql\Debug\link-cvtres.read.1.tlog
C:\Users\Gary\Desktop\Brazil New Save\wmbrzil\vcproj-9\login-server_sql\Debug\link-cvtres.write.1.tlog
C:\USERS\GARY\DESKTOP\BRAZIL NEW SAVE\WMBRZIL\VCPROJ-9\LOGIN-SERVER_SQL\DEBUG\LOCK.OBJ
C:\USERS\GARY\DESKTOP\BRAZIL NEW SAVE\WMBRZIL\VCPROJ-9\LOGIN-SERVER_SQL\DEBUG\LOGIN.OBJ
C:\USERS\GARY\DESKTOP\BRAZIL NEW SAVE\WMBRZIL\VCPROJ-9\LOGIN-SERVER_SQL\DEBUG\LOGINLOG.OBJ
C:\USERS\GARY\DESKTOP\BRAZIL NEW SAVE\WMBRZIL\VCPROJ-9\LOGIN-SERVER_SQL\DEBUG\LOGIN-SERVER_SQL.EXE.EMBED.MANIFEST
C:\USERS\GARY\DESKTOP\BRAZIL NEW SAVE\WMBRZIL\VCPROJ-9\LOGIN-SERVER_SQL\DEBUG\LOGIN-SERVER_SQL.EXE.EMBED.MANIFEST.RES
C:\USERS\GARY\DESKTOP\BRAZIL NEW SAVE\WMBRZIL\VCPROJ-9\LOGIN-SERVER_SQL\DEBUG\LOGIN-SERVER_SQL.EXE.INTERMEDIATE.MANIFEST
C:\Users\Gary\Desktop\Brazil New Save\wmbrzil\vcproj-9\login-server_sql\Debug\login-server_sql_manifest.rc
C:\USERS\GARY\DESKTOP\BRAZIL NEW SAVE\WMBRZIL\VCPROJ-9\LOGIN-SERVER_SQL\DEBUG\MALLOC.OBJ
C:\USERS\GARY\DESKTOP\BRAZIL NEW SAVE\WMBRZIL\VCPROJ-9\LOGIN-SERVER_SQL\DEBUG\MD5CALC.OBJ
C:\Users\Gary\Desktop\Brazil New Save\wmbrzil\vcproj-9\login-server_sql\Debug\mt.command.1.tlog
C:\Users\Gary\Desktop\Brazil New Save\wmbrzil\vcproj-9\login-server_sql\Debug\mt.read.1.tlog
C:\Users\Gary\Desktop\Brazil New Save\wmbrzil\vcproj-9\login-server_sql\Debug\mt.write.1.tlog
C:\USERS\GARY\DESKTOP\BRAZIL NEW SAVE\WMBRZIL\VCPROJ-9\LOGIN-SERVER_SQL\DEBUG\MT19937AR.OBJ
C:\USERS\GARY\DESKTOP\BRAZIL NEW SAVE\WMBRZIL\VCPROJ-9\LOGIN-SERVER_SQL\DEBUG\NULLPO.OBJ
C:\USERS\GARY\DESKTOP\BRAZIL NEW SAVE\WMBRZIL\VCPROJ-9\LOGIN-SERVER_SQL\DEBUG\PLUGINS.OBJ
C:\USERS\GARY\DESKTOP\BRAZIL NEW SAVE\WMBRZIL\VCPROJ-9\LOGIN-SERVER_SQL\DEBUG\RANDOM.OBJ
C:\Users\Gary\Desktop\Brazil New Save\wmbrzil\vcproj-9\login-server_sql\Debug\rc.command.1.tlog
C:\Users\Gary\Desktop\Brazil New Save\wmbrzil\vcproj-9\login-server_sql\Debug\rc.read.1.tlog
C:\Users\Gary\Desktop\Brazil New Save\wmbrzil\vcproj-9\login-server_sql\Debug\rc.write.1.tlog
C:\USERS\GARY\DESKTOP\BRAZIL NEW SAVE\WMBRZIL\VCPROJ-9\LOGIN-SERVER_SQL\DEBUG\SHOWMSG.OBJ
C:\USERS\GARY\DESKTOP\BRAZIL NEW SAVE\WMBRZIL\VCPROJ-9\LOGIN-SERVER_SQL\DEBUG\SOCKET.OBJ
C:\USERS\GARY\DESKTOP\BRAZIL NEW SAVE\WMBRZIL\VCPROJ-9\LOGIN-SERVER_SQL\DEBUG\SQL.OBJ
C:\USERS\GARY\DESKTOP\BRAZIL NEW SAVE\WMBRZIL\VCPROJ-9\LOGIN-SERVER_SQL\DEBUG\STRLIB.OBJ
C:\USERS\GARY\DESKTOP\BRAZIL NEW SAVE\WMBRZIL\VCPROJ-9\LOGIN-SERVER_SQL\DEBUG\TIMER.OBJ
C:\USERS\GARY\DESKTOP\BRAZIL NEW SAVE\WMBRZIL\VCPROJ-9\LOGIN-SERVER_SQL\DEBUG\UTILS.OBJ
C:\Users\Gary\Desktop\Brazil New Save\wmbrzil\vcproj-9\login-server_sql\Debug\vc100.idb
C:\USERS\GARY\DESKTOP\BRAZIL NEW SAVE\WMBRZIL\VCPROJ-9\LOGIN-SERVER_SQL\DEBUG\VC100.PDB
