C:\USERS\GARY\DESKTOP\N-XTREAM\CHAR-SERVER.EXE
C:\USERS\GARY\DESKTOP\N-XTREAM\CHAR-SERVER.ILK
C:\USERS\GARY\DESKTOP\N-XTREAM\CHAR-SERVER.PDB
C:\USERS\GARY\DESKTOP\N-XTREAM\VCPROJ-9\CHAR-SERVER_TXT\DEBUG\CHAR.OBJ
C:\USERS\GARY\DESKTOP\N-XTREAM\VCPROJ-9\CHAR-SERVER_TXT\DEBUG\CHAR-SERVER_TXT.EXE.EMBED.MANIFEST
C:\USERS\GARY\DESKTOP\N-XTREAM\VCPROJ-9\CHAR-SERVER_TXT\DEBUG\CHAR-SERVER_TXT.EXE.EMBED.MANIFEST.RES
C:\USERS\GARY\DESKTOP\N-XTREAM\VCPROJ-9\CHAR-SERVER_TXT\DEBUG\CHAR-SERVER_TXT.EXE.INTERMEDIATE.MANIFEST
C:\USERS\GARY\DESKTOP\N-XTREAM\VCPROJ-9\CHAR-SERVER_TXT\DEBUG\CORE.OBJ
C:\USERS\GARY\DESKTOP\N-XTREAM\VCPROJ-9\CHAR-SERVER_TXT\DEBUG\DB.OBJ
C:\USERS\GARY\DESKTOP\N-XTREAM\VCPROJ-9\CHAR-SERVER_TXT\DEBUG\ERS.OBJ
C:\USERS\GARY\DESKTOP\N-XTREAM\VCPROJ-9\CHAR-SERVER_TXT\DEBUG\INT_GUILD.OBJ
C:\USERS\GARY\DESKTOP\N-XTREAM\VCPROJ-9\CHAR-SERVER_TXT\DEBUG\INT_HOMUN.OBJ
C:\USERS\GARY\DESKTOP\N-XTREAM\VCPROJ-9\CHAR-SERVER_TXT\DEBUG\INT_PARTY.OBJ
C:\USERS\GARY\DESKTOP\N-XTREAM\VCPROJ-9\CHAR-SERVER_TXT\DEBUG\INT_PET.OBJ
C:\USERS\GARY\DESKTOP\N-XTREAM\VCPROJ-9\CHAR-SERVER_TXT\DEBUG\INT_STATUS.OBJ
C:\USERS\GARY\DESKTOP\N-XTREAM\VCPROJ-9\CHAR-SERVER_TXT\DEBUG\INT_STORAGE.OBJ
C:\USERS\GARY\DESKTOP\N-XTREAM\VCPROJ-9\CHAR-SERVER_TXT\DEBUG\INTER.OBJ
C:\USERS\GARY\DESKTOP\N-XTREAM\VCPROJ-9\CHAR-SERVER_TXT\DEBUG\LOCK.OBJ
C:\USERS\GARY\DESKTOP\N-XTREAM\VCPROJ-9\CHAR-SERVER_TXT\DEBUG\MALLOC.OBJ
C:\USERS\GARY\DESKTOP\N-XTREAM\VCPROJ-9\CHAR-SERVER_TXT\DEBUG\MAPINDEX.OBJ
C:\USERS\GARY\DESKTOP\N-XTREAM\VCPROJ-9\CHAR-SERVER_TXT\DEBUG\NULLPO.OBJ
C:\USERS\GARY\DESKTOP\N-XTREAM\VCPROJ-9\CHAR-SERVER_TXT\DEBUG\PLUGINS.OBJ
C:\USERS\GARY\DESKTOP\N-XTREAM\VCPROJ-9\CHAR-SERVER_TXT\DEBUG\SHOWMSG.OBJ
C:\USERS\GARY\DESKTOP\N-XTREAM\VCPROJ-9\CHAR-SERVER_TXT\DEBUG\SOCKET.OBJ
C:\USERS\GARY\DESKTOP\N-XTREAM\VCPROJ-9\CHAR-SERVER_TXT\DEBUG\STRLIB.OBJ
C:\USERS\GARY\DESKTOP\N-XTREAM\VCPROJ-9\CHAR-SERVER_TXT\DEBUG\TIMER.OBJ
C:\USERS\GARY\DESKTOP\N-XTREAM\VCPROJ-9\CHAR-SERVER_TXT\DEBUG\UTILS.OBJ
C:\USERS\GARY\DESKTOP\N-XTREAM\VCPROJ-9\CHAR-SERVER_TXT\DEBUG\VC100.PDB
C:\Users\Gary\Desktop\Server [Pure]\vcproj-9\char-server_txt\Debug\char.obj
C:\Users\Gary\Desktop\Server [Pure]\vcproj-9\char-server_txt\Debug\char-server_txt.exe.embed.manifest
C:\Users\Gary\Desktop\Server [Pure]\vcproj-9\char-server_txt\Debug\char-server_txt.exe.embed.manifest.res
C:\Users\Gary\Desktop\Server [Pure]\vcproj-9\char-server_txt\Debug\char-server_txt.exe.intermediate.manifest
C:\Users\Gary\Desktop\Server [Pure]\vcproj-9\char-server_txt\Debug\char-server_txt_manifest.rc
C:\Users\Gary\Desktop\Server [Pure]\vcproj-9\char-server_txt\Debug\cl.command.1.tlog
C:\Users\Gary\Desktop\Server [Pure]\vcproj-9\char-server_txt\Debug\CL.read.1.tlog
C:\Users\Gary\Desktop\Server [Pure]\vcproj-9\char-server_txt\Debug\cl.write.1.tlog
C:\Users\Gary\Desktop\Server [Pure]\vcproj-9\char-server_txt\Debug\core.obj
C:\Users\Gary\Desktop\Server [Pure]\vcproj-9\char-server_txt\Debug\db.obj
C:\Users\Gary\Desktop\Server [Pure]\vcproj-9\char-server_txt\Debug\ers.obj
C:\Users\Gary\Desktop\Server [Pure]\vcproj-9\char-server_txt\Debug\int_guild.obj
C:\Users\Gary\Desktop\Server [Pure]\vcproj-9\char-server_txt\Debug\int_homun.obj
C:\Users\Gary\Desktop\Server [Pure]\vcproj-9\char-server_txt\Debug\int_party.obj
C:\Users\Gary\Desktop\Server [Pure]\vcproj-9\char-server_txt\Debug\int_pet.obj
C:\Users\Gary\Desktop\Server [Pure]\vcproj-9\char-server_txt\Debug\int_status.obj
C:\Users\Gary\Desktop\Server [Pure]\vcproj-9\char-server_txt\Debug\int_storage.obj
C:\Users\Gary\Desktop\Server [Pure]\vcproj-9\char-server_txt\Debug\inter.obj
C:\Users\Gary\Desktop\Server [Pure]\vcproj-9\char-server_txt\Debug\link.8536.read.1.tlog
C:\Users\Gary\Desktop\Server [Pure]\vcproj-9\char-server_txt\Debug\link.8536.write.1.tlog
C:\Users\Gary\Desktop\Server [Pure]\vcproj-9\char-server_txt\Debug\link.8536-cvtres.read.1.tlog
C:\Users\Gary\Desktop\Server [Pure]\vcproj-9\char-server_txt\Debug\link.8536-cvtres.write.1.tlog
C:\Users\Gary\Desktop\Server [Pure]\vcproj-9\char-server_txt\Debug\link.command.1.tlog
C:\Users\Gary\Desktop\Server [Pure]\vcproj-9\char-server_txt\Debug\link.read.1.tlog
C:\Users\Gary\Desktop\Server [Pure]\vcproj-9\char-server_txt\Debug\link.write.1.tlog
C:\Users\Gary\Desktop\Server [Pure]\vcproj-9\char-server_txt\Debug\link-cvtres.read.1.tlog
C:\Users\Gary\Desktop\Server [Pure]\vcproj-9\char-server_txt\Debug\link-cvtres.write.1.tlog
C:\Users\Gary\Desktop\Server [Pure]\vcproj-9\char-server_txt\Debug\lock.obj
C:\Users\Gary\Desktop\Server [Pure]\vcproj-9\char-server_txt\Debug\malloc.obj
C:\Users\Gary\Desktop\Server [Pure]\vcproj-9\char-server_txt\Debug\mapindex.obj
C:\Users\Gary\Desktop\Server [Pure]\vcproj-9\char-server_txt\Debug\mt.command.1.tlog
C:\Users\Gary\Desktop\Server [Pure]\vcproj-9\char-server_txt\Debug\mt.read.1.tlog
C:\Users\Gary\Desktop\Server [Pure]\vcproj-9\char-server_txt\Debug\mt.write.1.tlog
C:\Users\Gary\Desktop\Server [Pure]\vcproj-9\char-server_txt\Debug\nullpo.obj
C:\Users\Gary\Desktop\Server [Pure]\vcproj-9\char-server_txt\Debug\plugins.obj
C:\Users\Gary\Desktop\Server [Pure]\vcproj-9\char-server_txt\Debug\rc.command.1.tlog
C:\Users\Gary\Desktop\Server [Pure]\vcproj-9\char-server_txt\Debug\rc.read.1.tlog
C:\Users\Gary\Desktop\Server [Pure]\vcproj-9\char-server_txt\Debug\rc.write.1.tlog
C:\Users\Gary\Desktop\Server [Pure]\vcproj-9\char-server_txt\Debug\showmsg.obj
C:\Users\Gary\Desktop\Server [Pure]\vcproj-9\char-server_txt\Debug\socket.obj
C:\Users\Gary\Desktop\Server [Pure]\vcproj-9\char-server_txt\Debug\strlib.obj
C:\Users\Gary\Desktop\Server [Pure]\vcproj-9\char-server_txt\Debug\timer.obj
C:\Users\Gary\Desktop\Server [Pure]\vcproj-9\char-server_txt\Debug\utils.obj
C:\Users\Gary\Desktop\Server [Pure]\vcproj-9\char-server_txt\Debug\vc100.idb
C:\Users\Gary\Desktop\Server [Pure]\vcproj-9\char-server_txt\Debug\vc100.pdb
