C:\USERS\GARY\DESKTOP\N-XTREAM\TOOLS\LOGIN-CONVERTER.EXE
C:\USERS\GARY\DESKTOP\N-XTREAM\TOOLS\LOGIN-CONVERTER.ILK
C:\USERS\GARY\DESKTOP\N-XTREAM\TOOLS\LOGIN-CONVERTER.PDB
C:\USERS\GARY\DESKTOP\N-XTREAM\VCPROJ-9\TXT-CONVERTER-LOGIN\DEBUG\ACCOUNT_SQL.OBJ
C:\USERS\GARY\DESKTOP\N-XTREAM\VCPROJ-9\TXT-CONVERTER-LOGIN\DEBUG\ACCOUNT_TXT.OBJ
C:\USERS\GARY\DESKTOP\N-XTREAM\VCPROJ-9\TXT-CONVERTER-LOGIN\DEBUG\CORE.OBJ
C:\USERS\GARY\DESKTOP\N-XTREAM\VCPROJ-9\TXT-CONVERTER-LOGIN\DEBUG\DB.OBJ
C:\USERS\GARY\DESKTOP\N-XTREAM\VCPROJ-9\TXT-CONVERTER-LOGIN\DEBUG\ERS.OBJ
C:\USERS\GARY\DESKTOP\N-XTREAM\VCPROJ-9\TXT-CONVERTER-LOGIN\DEBUG\LOCK.OBJ
C:\USERS\GARY\DESKTOP\N-XTREAM\VCPROJ-9\TXT-CONVERTER-LOGIN\DEBUG\LOGIN-CONVERTER.OBJ
C:\USERS\GARY\DESKTOP\N-XTREAM\VCPROJ-9\TXT-CONVERTER-LOGIN\DEBUG\MALLOC.OBJ
C:\USERS\GARY\DESKTOP\N-XTREAM\VCPROJ-9\TXT-CONVERTER-LOGIN\DEBUG\SHOWMSG.OBJ
C:\USERS\GARY\DESKTOP\N-XTREAM\VCPROJ-9\TXT-CONVERTER-LOGIN\DEBUG\SQL.OBJ
C:\USERS\GARY\DESKTOP\N-XTREAM\VCPROJ-9\TXT-CONVERTER-LOGIN\DEBUG\STRLIB.OBJ
C:\USERS\GARY\DESKTOP\N-XTREAM\VCPROJ-9\TXT-CONVERTER-LOGIN\DEBUG\TIMER.OBJ
C:\USERS\GARY\DESKTOP\N-XTREAM\VCPROJ-9\TXT-CONVERTER-LOGIN\DEBUG\TXT-CONVERTER-LOGIN.EXE.EMBED.MANIFEST
C:\USERS\GARY\DESKTOP\N-XTREAM\VCPROJ-9\TXT-CONVERTER-LOGIN\DEBUG\TXT-CONVERTER-LOGIN.EXE.EMBED.MANIFEST.RES
C:\USERS\GARY\DESKTOP\N-XTREAM\VCPROJ-9\TXT-CONVERTER-LOGIN\DEBUG\TXT-CONVERTER-LOGIN.EXE.INTERMEDIATE.MANIFEST
C:\USERS\GARY\DESKTOP\N-XTREAM\VCPROJ-9\TXT-CONVERTER-LOGIN\DEBUG\UTILS.OBJ
C:\USERS\GARY\DESKTOP\N-XTREAM\VCPROJ-9\TXT-CONVERTER-LOGIN\DEBUG\VC100.PDB
C:\Users\Gary\Desktop\Server [Pure]\vcproj-9\txt-converter-login\Debug\account_sql.obj
C:\Users\Gary\Desktop\Server [Pure]\vcproj-9\txt-converter-login\Debug\account_txt.obj
C:\Users\Gary\Desktop\Server [Pure]\vcproj-9\txt-converter-login\Debug\cl.command.1.tlog
C:\Users\Gary\Desktop\Server [Pure]\vcproj-9\txt-converter-login\Debug\CL.read.1.tlog
C:\Users\Gary\Desktop\Server [Pure]\vcproj-9\txt-converter-login\Debug\cl.write.1.tlog
C:\Users\Gary\Desktop\Server [Pure]\vcproj-9\txt-converter-login\Debug\core.obj
C:\Users\Gary\Desktop\Server [Pure]\vcproj-9\txt-converter-login\Debug\db.obj
C:\Users\Gary\Desktop\Server [Pure]\vcproj-9\txt-converter-login\Debug\ers.obj
C:\Users\Gary\Desktop\Server [Pure]\vcproj-9\txt-converter-login\Debug\link.4128.read.1.tlog
C:\Users\Gary\Desktop\Server [Pure]\vcproj-9\txt-converter-login\Debug\link.4128.write.1.tlog
C:\Users\Gary\Desktop\Server [Pure]\vcproj-9\txt-converter-login\Debug\link.4128-cvtres.read.1.tlog
C:\Users\Gary\Desktop\Server [Pure]\vcproj-9\txt-converter-login\Debug\link.4128-cvtres.write.1.tlog
C:\Users\Gary\Desktop\Server [Pure]\vcproj-9\txt-converter-login\Debug\link.command.1.tlog
C:\Users\Gary\Desktop\Server [Pure]\vcproj-9\txt-converter-login\Debug\link.read.1.tlog
C:\Users\Gary\Desktop\Server [Pure]\vcproj-9\txt-converter-login\Debug\link.write.1.tlog
C:\Users\Gary\Desktop\Server [Pure]\vcproj-9\txt-converter-login\Debug\link-cvtres.read.1.tlog
C:\Users\Gary\Desktop\Server [Pure]\vcproj-9\txt-converter-login\Debug\link-cvtres.write.1.tlog
C:\Users\Gary\Desktop\Server [Pure]\vcproj-9\txt-converter-login\Debug\lock.obj
C:\Users\Gary\Desktop\Server [Pure]\vcproj-9\txt-converter-login\Debug\login-converter.obj
C:\Users\Gary\Desktop\Server [Pure]\vcproj-9\txt-converter-login\Debug\malloc.obj
C:\Users\Gary\Desktop\Server [Pure]\vcproj-9\txt-converter-login\Debug\mt.command.1.tlog
C:\Users\Gary\Desktop\Server [Pure]\vcproj-9\txt-converter-login\Debug\mt.read.1.tlog
C:\Users\Gary\Desktop\Server [Pure]\vcproj-9\txt-converter-login\Debug\mt.write.1.tlog
C:\Users\Gary\Desktop\Server [Pure]\vcproj-9\txt-converter-login\Debug\rc.command.1.tlog
C:\Users\Gary\Desktop\Server [Pure]\vcproj-9\txt-converter-login\Debug\rc.read.1.tlog
C:\Users\Gary\Desktop\Server [Pure]\vcproj-9\txt-converter-login\Debug\rc.write.1.tlog
C:\Users\Gary\Desktop\Server [Pure]\vcproj-9\txt-converter-login\Debug\showmsg.obj
C:\Users\Gary\Desktop\Server [Pure]\vcproj-9\txt-converter-login\Debug\sql.obj
C:\Users\Gary\Desktop\Server [Pure]\vcproj-9\txt-converter-login\Debug\strlib.obj
C:\Users\Gary\Desktop\Server [Pure]\vcproj-9\txt-converter-login\Debug\timer.obj
C:\Users\Gary\Desktop\Server [Pure]\vcproj-9\txt-converter-login\Debug\txt-converter-login.exe.embed.manifest
C:\Users\Gary\Desktop\Server [Pure]\vcproj-9\txt-converter-login\Debug\txt-converter-login.exe.embed.manifest.res
C:\Users\Gary\Desktop\Server [Pure]\vcproj-9\txt-converter-login\Debug\txt-converter-login.exe.intermediate.manifest
C:\Users\Gary\Desktop\Server [Pure]\vcproj-9\txt-converter-login\Debug\txt-converter-login_manifest.rc
C:\Users\Gary\Desktop\Server [Pure]\vcproj-9\txt-converter-login\Debug\utils.obj
C:\Users\Gary\Desktop\Server [Pure]\vcproj-9\txt-converter-login\Debug\vc100.idb
C:\Users\Gary\Desktop\Server [Pure]\vcproj-9\txt-converter-login\Debug\vc100.pdb
