..\mapcache.ilk
..\mapcache.pdb
C:\USERS\GARY\DESKTOP\BRAZIL NEW SAVE\WMBRZIL\MAPCACHE.EXE
C:\USERS\GARY\DESKTOP\BRAZIL NEW SAVE\WMBRZIL\MAPCACHE.ILK
C:\USERS\GARY\DESKTOP\BRAZIL NEW SAVE\WMBRZIL\MAPCACHE.PDB
C:\Users\Gary\Desktop\Brazil New Save\wmbrzil\vcproj-9\..\mapcache.exe
C:\Users\Gary\Desktop\Brazil New Save\wmbrzil\vcproj-9\mapcache\Debug\cl.command.1.tlog
C:\Users\Gary\Desktop\Brazil New Save\wmbrzil\vcproj-9\mapcache\Debug\CL.read.1.tlog
C:\Users\Gary\Desktop\Brazil New Save\wmbrzil\vcproj-9\mapcache\Debug\CL.write.1.tlog
C:\USERS\GARY\DESKTOP\BRAZIL NEW SAVE\WMBRZIL\VCPROJ-9\MAPCACHE\DEBUG\CORE.OBJ
C:\USERS\GARY\DESKTOP\BRAZIL NEW SAVE\WMBRZIL\VCPROJ-9\MAPCACHE\DEBUG\GRFIO.OBJ
C:\Users\Gary\Desktop\Brazil New Save\wmbrzil\vcproj-9\mapcache\Debug\link.8352.read.1.tlog
C:\Users\Gary\Desktop\Brazil New Save\wmbrzil\vcproj-9\mapcache\Debug\link.8352.write.1.tlog
C:\Users\Gary\Desktop\Brazil New Save\wmbrzil\vcproj-9\mapcache\Debug\link.8352-cvtres.read.1.tlog
C:\Users\Gary\Desktop\Brazil New Save\wmbrzil\vcproj-9\mapcache\Debug\link.8352-cvtres.write.1.tlog
C:\Users\Gary\Desktop\Brazil New Save\wmbrzil\vcproj-9\mapcache\Debug\link.command.1.tlog
C:\Users\Gary\Desktop\Brazil New Save\wmbrzil\vcproj-9\mapcache\Debug\link.read.1.tlog
C:\Users\Gary\Desktop\Brazil New Save\wmbrzil\vcproj-9\mapcache\Debug\link.write.1.tlog
C:\Users\Gary\Desktop\Brazil New Save\wmbrzil\vcproj-9\mapcache\Debug\link-cvtres.read.1.tlog
C:\Users\Gary\Desktop\Brazil New Save\wmbrzil\vcproj-9\mapcache\Debug\link-cvtres.write.1.tlog
C:\USERS\GARY\DESKTOP\BRAZIL NEW SAVE\WMBRZIL\VCPROJ-9\MAPCACHE\DEBUG\MALLOC.OBJ
C:\USERS\GARY\DESKTOP\BRAZIL NEW SAVE\WMBRZIL\VCPROJ-9\MAPCACHE\DEBUG\MAPCACHE.EXE.EMBED.MANIFEST
C:\USERS\GARY\DESKTOP\BRAZIL NEW SAVE\WMBRZIL\VCPROJ-9\MAPCACHE\DEBUG\MAPCACHE.EXE.EMBED.MANIFEST.RES
C:\USERS\GARY\DESKTOP\BRAZIL NEW SAVE\WMBRZIL\VCPROJ-9\MAPCACHE\DEBUG\MAPCACHE.EXE.INTERMEDIATE.MANIFEST
C:\USERS\GARY\DESKTOP\BRAZIL NEW SAVE\WMBRZIL\VCPROJ-9\MAPCACHE\DEBUG\MAPCACHE.OBJ
C:\Users\Gary\Desktop\Brazil New Save\wmbrzil\vcproj-9\mapcache\Debug\mapcache_manifest.rc
C:\Users\Gary\Desktop\Brazil New Save\wmbrzil\vcproj-9\mapcache\Debug\mt.command.1.tlog
C:\Users\Gary\Desktop\Brazil New Save\wmbrzil\vcproj-9\mapcache\Debug\mt.read.1.tlog
C:\Users\Gary\Desktop\Brazil New Save\wmbrzil\vcproj-9\mapcache\Debug\mt.write.1.tlog
C:\Users\Gary\Desktop\Brazil New Save\wmbrzil\vcproj-9\mapcache\Debug\rc.command.1.tlog
C:\Users\Gary\Desktop\Brazil New Save\wmbrzil\vcproj-9\mapcache\Debug\rc.read.1.tlog
C:\Users\Gary\Desktop\Brazil New Save\wmbrzil\vcproj-9\mapcache\Debug\rc.write.1.tlog
C:\USERS\GARY\DESKTOP\BRAZIL NEW SAVE\WMBRZIL\VCPROJ-9\MAPCACHE\DEBUG\SHOWMSG.OBJ
C:\USERS\GARY\DESKTOP\BRAZIL NEW SAVE\WMBRZIL\VCPROJ-9\MAPCACHE\DEBUG\STRLIB.OBJ
C:\USERS\GARY\DESKTOP\BRAZIL NEW SAVE\WMBRZIL\VCPROJ-9\MAPCACHE\DEBUG\UTILS.OBJ
C:\Users\Gary\Desktop\Brazil New Save\wmbrzil\vcproj-9\mapcache\Debug\vc100.idb
C:\USERS\GARY\DESKTOP\BRAZIL NEW SAVE\WMBRZIL\VCPROJ-9\MAPCACHE\DEBUG\VC100.PDB
