C:\USERS\GARY\DESKTOP\N-XTREAM\TOOLS\CHAR-CONVERTER.EXE
C:\USERS\GARY\DESKTOP\N-XTREAM\TOOLS\CHAR-CONVERTER.ILK
C:\USERS\GARY\DESKTOP\N-XTREAM\TOOLS\CHAR-CONVERTER.PDB
C:\USERS\GARY\DESKTOP\N-XTREAM\VCPROJ-9\TXT-CONVERTER-CHAR\DEBUG\CHAR.OBJ
C:\USERS\GARY\DESKTOP\N-XTREAM\VCPROJ-9\TXT-CONVERTER-CHAR\DEBUG\CHAR_SQL.OBJ
C:\USERS\GARY\DESKTOP\N-XTREAM\VCPROJ-9\TXT-CONVERTER-CHAR\DEBUG\CHAR-CONVERTER.OBJ
C:\USERS\GARY\DESKTOP\N-XTREAM\VCPROJ-9\TXT-CONVERTER-CHAR\DEBUG\CORE.OBJ
C:\USERS\GARY\DESKTOP\N-XTREAM\VCPROJ-9\TXT-CONVERTER-CHAR\DEBUG\ERS.OBJ
C:\USERS\GARY\DESKTOP\N-XTREAM\VCPROJ-9\TXT-CONVERTER-CHAR\DEBUG\INT_GUILD.OBJ
C:\USERS\GARY\DESKTOP\N-XTREAM\VCPROJ-9\TXT-CONVERTER-CHAR\DEBUG\INT_GUILD_SQL.OBJ
C:\USERS\GARY\DESKTOP\N-XTREAM\VCPROJ-9\TXT-CONVERTER-CHAR\DEBUG\INT_MERCENARY_SQL.OBJ
C:\USERS\GARY\DESKTOP\N-XTREAM\VCPROJ-9\TXT-CONVERTER-CHAR\DEBUG\INT_PARTY.OBJ
C:\USERS\GARY\DESKTOP\N-XTREAM\VCPROJ-9\TXT-CONVERTER-CHAR\DEBUG\INT_PARTY_SQL.OBJ
C:\USERS\GARY\DESKTOP\N-XTREAM\VCPROJ-9\TXT-CONVERTER-CHAR\DEBUG\INT_PET.OBJ
C:\USERS\GARY\DESKTOP\N-XTREAM\VCPROJ-9\TXT-CONVERTER-CHAR\DEBUG\INT_PET_SQL.OBJ
C:\USERS\GARY\DESKTOP\N-XTREAM\VCPROJ-9\TXT-CONVERTER-CHAR\DEBUG\INT_STORAGE.OBJ
C:\USERS\GARY\DESKTOP\N-XTREAM\VCPROJ-9\TXT-CONVERTER-CHAR\DEBUG\INT_STORAGE_SQL.OBJ
C:\USERS\GARY\DESKTOP\N-XTREAM\VCPROJ-9\TXT-CONVERTER-CHAR\DEBUG\INTER.OBJ
C:\USERS\GARY\DESKTOP\N-XTREAM\VCPROJ-9\TXT-CONVERTER-CHAR\DEBUG\INTER_SQL.OBJ
C:\USERS\GARY\DESKTOP\N-XTREAM\VCPROJ-9\TXT-CONVERTER-CHAR\DEBUG\MALLOC.OBJ
C:\USERS\GARY\DESKTOP\N-XTREAM\VCPROJ-9\TXT-CONVERTER-CHAR\DEBUG\MAPINDEX.OBJ
C:\USERS\GARY\DESKTOP\N-XTREAM\VCPROJ-9\TXT-CONVERTER-CHAR\DEBUG\SHOWMSG.OBJ
C:\USERS\GARY\DESKTOP\N-XTREAM\VCPROJ-9\TXT-CONVERTER-CHAR\DEBUG\SQL.OBJ
C:\USERS\GARY\DESKTOP\N-XTREAM\VCPROJ-9\TXT-CONVERTER-CHAR\DEBUG\STRLIB.OBJ
C:\USERS\GARY\DESKTOP\N-XTREAM\VCPROJ-9\TXT-CONVERTER-CHAR\DEBUG\TIMER.OBJ
C:\USERS\GARY\DESKTOP\N-XTREAM\VCPROJ-9\TXT-CONVERTER-CHAR\DEBUG\TXT-CONVERTER-CHAR.EXE.EMBED.MANIFEST
C:\USERS\GARY\DESKTOP\N-XTREAM\VCPROJ-9\TXT-CONVERTER-CHAR\DEBUG\TXT-CONVERTER-CHAR.EXE.EMBED.MANIFEST.RES
C:\USERS\GARY\DESKTOP\N-XTREAM\VCPROJ-9\TXT-CONVERTER-CHAR\DEBUG\TXT-CONVERTER-CHAR.EXE.INTERMEDIATE.MANIFEST
C:\USERS\GARY\DESKTOP\N-XTREAM\VCPROJ-9\TXT-CONVERTER-CHAR\DEBUG\UTILS.OBJ
C:\USERS\GARY\DESKTOP\N-XTREAM\VCPROJ-9\TXT-CONVERTER-CHAR\DEBUG\VC100.PDB
C:\Users\Gary\Desktop\Server [Pure]\vcproj-9\txt-converter-char\Debug\char.obj
C:\Users\Gary\Desktop\Server [Pure]\vcproj-9\txt-converter-char\Debug\char_sql.obj
C:\Users\Gary\Desktop\Server [Pure]\vcproj-9\txt-converter-char\Debug\char-converter.obj
C:\Users\Gary\Desktop\Server [Pure]\vcproj-9\txt-converter-char\Debug\cl.command.1.tlog
C:\Users\Gary\Desktop\Server [Pure]\vcproj-9\txt-converter-char\Debug\CL.read.1.tlog
C:\Users\Gary\Desktop\Server [Pure]\vcproj-9\txt-converter-char\Debug\cl.write.1.tlog
C:\Users\Gary\Desktop\Server [Pure]\vcproj-9\txt-converter-char\Debug\core.obj
C:\Users\Gary\Desktop\Server [Pure]\vcproj-9\txt-converter-char\Debug\ers.obj
C:\Users\Gary\Desktop\Server [Pure]\vcproj-9\txt-converter-char\Debug\int_guild.obj
C:\Users\Gary\Desktop\Server [Pure]\vcproj-9\txt-converter-char\Debug\int_guild_sql.obj
C:\Users\Gary\Desktop\Server [Pure]\vcproj-9\txt-converter-char\Debug\int_mercenary_sql.obj
C:\Users\Gary\Desktop\Server [Pure]\vcproj-9\txt-converter-char\Debug\int_party.obj
C:\Users\Gary\Desktop\Server [Pure]\vcproj-9\txt-converter-char\Debug\int_party_sql.obj
C:\Users\Gary\Desktop\Server [Pure]\vcproj-9\txt-converter-char\Debug\int_pet.obj
C:\Users\Gary\Desktop\Server [Pure]\vcproj-9\txt-converter-char\Debug\int_pet_sql.obj
C:\Users\Gary\Desktop\Server [Pure]\vcproj-9\txt-converter-char\Debug\int_storage.obj
C:\Users\Gary\Desktop\Server [Pure]\vcproj-9\txt-converter-char\Debug\int_storage_sql.obj
C:\Users\Gary\Desktop\Server [Pure]\vcproj-9\txt-converter-char\Debug\inter.obj
C:\Users\Gary\Desktop\Server [Pure]\vcproj-9\txt-converter-char\Debug\inter_sql.obj
C:\Users\Gary\Desktop\Server [Pure]\vcproj-9\txt-converter-char\Debug\link.8592.read.1.tlog
C:\Users\Gary\Desktop\Server [Pure]\vcproj-9\txt-converter-char\Debug\link.8592.write.1.tlog
C:\Users\Gary\Desktop\Server [Pure]\vcproj-9\txt-converter-char\Debug\link.8592-cvtres.read.1.tlog
C:\Users\Gary\Desktop\Server [Pure]\vcproj-9\txt-converter-char\Debug\link.8592-cvtres.write.1.tlog
C:\Users\Gary\Desktop\Server [Pure]\vcproj-9\txt-converter-char\Debug\link.command.1.tlog
C:\Users\Gary\Desktop\Server [Pure]\vcproj-9\txt-converter-char\Debug\link.read.1.tlog
C:\Users\Gary\Desktop\Server [Pure]\vcproj-9\txt-converter-char\Debug\link.write.1.tlog
C:\Users\Gary\Desktop\Server [Pure]\vcproj-9\txt-converter-char\Debug\link-cvtres.read.1.tlog
C:\Users\Gary\Desktop\Server [Pure]\vcproj-9\txt-converter-char\Debug\link-cvtres.write.1.tlog
C:\Users\Gary\Desktop\Server [Pure]\vcproj-9\txt-converter-char\Debug\malloc.obj
C:\Users\Gary\Desktop\Server [Pure]\vcproj-9\txt-converter-char\Debug\mapindex.obj
C:\Users\Gary\Desktop\Server [Pure]\vcproj-9\txt-converter-char\Debug\mt.command.1.tlog
C:\Users\Gary\Desktop\Server [Pure]\vcproj-9\txt-converter-char\Debug\mt.read.1.tlog
C:\Users\Gary\Desktop\Server [Pure]\vcproj-9\txt-converter-char\Debug\mt.write.1.tlog
C:\Users\Gary\Desktop\Server [Pure]\vcproj-9\txt-converter-char\Debug\rc.command.1.tlog
C:\Users\Gary\Desktop\Server [Pure]\vcproj-9\txt-converter-char\Debug\rc.read.1.tlog
C:\Users\Gary\Desktop\Server [Pure]\vcproj-9\txt-converter-char\Debug\rc.write.1.tlog
C:\Users\Gary\Desktop\Server [Pure]\vcproj-9\txt-converter-char\Debug\showmsg.obj
C:\Users\Gary\Desktop\Server [Pure]\vcproj-9\txt-converter-char\Debug\sql.obj
C:\Users\Gary\Desktop\Server [Pure]\vcproj-9\txt-converter-char\Debug\strlib.obj
C:\Users\Gary\Desktop\Server [Pure]\vcproj-9\txt-converter-char\Debug\timer.obj
C:\Users\Gary\Desktop\Server [Pure]\vcproj-9\txt-converter-char\Debug\txt-converter-char.exe.embed.manifest
C:\Users\Gary\Desktop\Server [Pure]\vcproj-9\txt-converter-char\Debug\txt-converter-char.exe.embed.manifest.res
C:\Users\Gary\Desktop\Server [Pure]\vcproj-9\txt-converter-char\Debug\txt-converter-char.exe.intermediate.manifest
C:\Users\Gary\Desktop\Server [Pure]\vcproj-9\txt-converter-char\Debug\txt-converter-char_manifest.rc
C:\Users\Gary\Desktop\Server [Pure]\vcproj-9\txt-converter-char\Debug\utils.obj
C:\Users\Gary\Desktop\Server [Pure]\vcproj-9\txt-converter-char\Debug\vc100.idb
C:\Users\Gary\Desktop\Server [Pure]\vcproj-9\txt-converter-char\Debug\vc100.pdb
