C:\USERS\GARY\DESKTOP\BRAZIL NEW SAVE\WMBRZIL\PLUGINS\PID.DLL
C:\USERS\GARY\DESKTOP\BRAZIL NEW SAVE\WMBRZIL\PLUGINS\PID.ILK
C:\USERS\GARY\DESKTOP\BRAZIL NEW SAVE\WMBRZIL\PLUGINS\PID.PDB
C:\Users\Gary\Desktop\Brazil New Save\wmbrzil\vcproj-9\.\Debug/pid\pid.dll.intermediate.manifest
C:\Users\Gary\Desktop\Brazil New Save\wmbrzil\vcproj-9\Debug\pid\cl.command.1.tlog
C:\Users\Gary\Desktop\Brazil New Save\wmbrzil\vcproj-9\Debug\pid\CL.read.1.tlog
C:\Users\Gary\Desktop\Brazil New Save\wmbrzil\vcproj-9\Debug\pid\CL.write.1.tlog
C:\Users\Gary\Desktop\Brazil New Save\wmbrzil\vcproj-9\Debug\pid\link.5024.read.1.tlog
C:\Users\Gary\Desktop\Brazil New Save\wmbrzil\vcproj-9\Debug\pid\link.5024.write.1.tlog
C:\Users\Gary\Desktop\Brazil New Save\wmbrzil\vcproj-9\Debug\pid\link.5024-cvtres.read.1.tlog
C:\Users\Gary\Desktop\Brazil New Save\wmbrzil\vcproj-9\Debug\pid\link.5024-cvtres.write.1.tlog
C:\Users\Gary\Desktop\Brazil New Save\wmbrzil\vcproj-9\Debug\pid\link.command.1.tlog
C:\Users\Gary\Desktop\Brazil New Save\wmbrzil\vcproj-9\Debug\pid\link.read.1.tlog
C:\Users\Gary\Desktop\Brazil New Save\wmbrzil\vcproj-9\Debug\pid\link.write.1.tlog
C:\Users\Gary\Desktop\Brazil New Save\wmbrzil\vcproj-9\Debug\pid\link-cvtres.read.1.tlog
C:\Users\Gary\Desktop\Brazil New Save\wmbrzil\vcproj-9\Debug\pid\link-cvtres.write.1.tlog
C:\Users\Gary\Desktop\Brazil New Save\wmbrzil\vcproj-9\Debug\pid\mt.command.1.tlog
C:\Users\Gary\Desktop\Brazil New Save\wmbrzil\vcproj-9\Debug\pid\mt.read.1.tlog
C:\Users\Gary\Desktop\Brazil New Save\wmbrzil\vcproj-9\Debug\pid\mt.write.1.tlog
C:\USERS\GARY\DESKTOP\BRAZIL NEW SAVE\WMBRZIL\VCPROJ-9\DEBUG\PID\PID.DLL.EMBED.MANIFEST
C:\USERS\GARY\DESKTOP\BRAZIL NEW SAVE\WMBRZIL\VCPROJ-9\DEBUG\PID\PID.DLL.EMBED.MANIFEST.RES
C:\USERS\GARY\DESKTOP\BRAZIL NEW SAVE\WMBRZIL\VCPROJ-9\DEBUG\PID\PID.DLL.INTERMEDIATE.MANIFEST
C:\Users\Gary\Desktop\Brazil New Save\wmbrzil\vcproj-9\Debug\pid\pid.exp
C:\Users\Gary\Desktop\Brazil New Save\wmbrzil\vcproj-9\Debug\pid\pid.lib
C:\USERS\GARY\DESKTOP\BRAZIL NEW SAVE\WMBRZIL\VCPROJ-9\DEBUG\PID\PID.OBJ
C:\Users\Gary\Desktop\Brazil New Save\wmbrzil\vcproj-9\Debug\pid\pid.write.1.tlog
C:\Users\Gary\Desktop\Brazil New Save\wmbrzil\vcproj-9\Debug\pid\pid_manifest.rc
C:\Users\Gary\Desktop\Brazil New Save\wmbrzil\vcproj-9\Debug\pid\rc.command.1.tlog
C:\Users\Gary\Desktop\Brazil New Save\wmbrzil\vcproj-9\Debug\pid\rc.read.1.tlog
C:\Users\Gary\Desktop\Brazil New Save\wmbrzil\vcproj-9\Debug\pid\rc.write.1.tlog
C:\Users\Gary\Desktop\Brazil New Save\wmbrzil\vcproj-9\Debug\pid\vc100.idb
C:\USERS\GARY\DESKTOP\BRAZIL NEW SAVE\WMBRZIL\VCPROJ-9\DEBUG\PID\VC100.PDB
