..\char-server_sql.ilk
..\char-server_sql.pdb
C:\USERS\GARY\DESKTOP\BRAZIL NEW SAVE\WMBRZIL\CHAR-SERVER_SQL.EXE
C:\USERS\GARY\DESKTOP\BRAZIL NEW SAVE\WMBRZIL\CHAR-SERVER_SQL.ILK
C:\USERS\GARY\DESKTOP\BRAZIL NEW SAVE\WMBRZIL\CHAR-SERVER_SQL.PDB
C:\Users\Gary\Desktop\Brazil New Save\wmbrzil\vcproj-9\..\char-server_sql.exe
C:\USERS\GARY\DESKTOP\BRAZIL NEW SAVE\WMBRZIL\VCPROJ-9\CHAR-SERVER_SQL\DEBUG\CHAR.OBJ
C:\USERS\GARY\DESKTOP\BRAZIL NEW SAVE\WMBRZIL\VCPROJ-9\CHAR-SERVER_SQL\DEBUG\CHAR-SERVER_SQL.EXE.EMBED.MANIFEST
C:\USERS\GARY\DESKTOP\BRAZIL NEW SAVE\WMBRZIL\VCPROJ-9\CHAR-SERVER_SQL\DEBUG\CHAR-SERVER_SQL.EXE.EMBED.MANIFEST.RES
C:\USERS\GARY\DESKTOP\BRAZIL NEW SAVE\WMBRZIL\VCPROJ-9\CHAR-SERVER_SQL\DEBUG\CHAR-SERVER_SQL.EXE.INTERMEDIATE.MANIFEST
C:\Users\Gary\Desktop\Brazil New Save\wmbrzil\vcproj-9\char-server_sql\Debug\char-server_sql_manifest.rc
C:\Users\Gary\Desktop\Brazil New Save\wmbrzil\vcproj-9\char-server_sql\Debug\cl.command.1.tlog
C:\Users\Gary\Desktop\Brazil New Save\wmbrzil\vcproj-9\char-server_sql\Debug\CL.read.1.tlog
C:\Users\Gary\Desktop\Brazil New Save\wmbrzil\vcproj-9\char-server_sql\Debug\CL.write.1.tlog
C:\USERS\GARY\DESKTOP\BRAZIL NEW SAVE\WMBRZIL\VCPROJ-9\CHAR-SERVER_SQL\DEBUG\CORE.OBJ
C:\USERS\GARY\DESKTOP\BRAZIL NEW SAVE\WMBRZIL\VCPROJ-9\CHAR-SERVER_SQL\DEBUG\DB.OBJ
C:\USERS\GARY\DESKTOP\BRAZIL NEW SAVE\WMBRZIL\VCPROJ-9\CHAR-SERVER_SQL\DEBUG\ERS.OBJ
C:\USERS\GARY\DESKTOP\BRAZIL NEW SAVE\WMBRZIL\VCPROJ-9\CHAR-SERVER_SQL\DEBUG\INT_AUCTION.OBJ
C:\USERS\GARY\DESKTOP\BRAZIL NEW SAVE\WMBRZIL\VCPROJ-9\CHAR-SERVER_SQL\DEBUG\INT_ELEMENTAL.OBJ
C:\USERS\GARY\DESKTOP\BRAZIL NEW SAVE\WMBRZIL\VCPROJ-9\CHAR-SERVER_SQL\DEBUG\INT_GUILD.OBJ
C:\USERS\GARY\DESKTOP\BRAZIL NEW SAVE\WMBRZIL\VCPROJ-9\CHAR-SERVER_SQL\DEBUG\INT_HOMUN.OBJ
C:\USERS\GARY\DESKTOP\BRAZIL NEW SAVE\WMBRZIL\VCPROJ-9\CHAR-SERVER_SQL\DEBUG\INT_MAIL.OBJ
C:\USERS\GARY\DESKTOP\BRAZIL NEW SAVE\WMBRZIL\VCPROJ-9\CHAR-SERVER_SQL\DEBUG\INT_MERCENARY.OBJ
C:\USERS\GARY\DESKTOP\BRAZIL NEW SAVE\WMBRZIL\VCPROJ-9\CHAR-SERVER_SQL\DEBUG\INT_PARTY.OBJ
C:\USERS\GARY\DESKTOP\BRAZIL NEW SAVE\WMBRZIL\VCPROJ-9\CHAR-SERVER_SQL\DEBUG\INT_PET.OBJ
C:\USERS\GARY\DESKTOP\BRAZIL NEW SAVE\WMBRZIL\VCPROJ-9\CHAR-SERVER_SQL\DEBUG\INT_QUEST.OBJ
C:\USERS\GARY\DESKTOP\BRAZIL NEW SAVE\WMBRZIL\VCPROJ-9\CHAR-SERVER_SQL\DEBUG\INT_STORAGE.OBJ
C:\USERS\GARY\DESKTOP\BRAZIL NEW SAVE\WMBRZIL\VCPROJ-9\CHAR-SERVER_SQL\DEBUG\INTER.OBJ
C:\Users\Gary\Desktop\Brazil New Save\wmbrzil\vcproj-9\char-server_sql\Debug\link.8264.read.1.tlog
C:\Users\Gary\Desktop\Brazil New Save\wmbrzil\vcproj-9\char-server_sql\Debug\link.8264.write.1.tlog
C:\Users\Gary\Desktop\Brazil New Save\wmbrzil\vcproj-9\char-server_sql\Debug\link.8264-cvtres.read.1.tlog
C:\Users\Gary\Desktop\Brazil New Save\wmbrzil\vcproj-9\char-server_sql\Debug\link.8264-cvtres.write.1.tlog
C:\Users\Gary\Desktop\Brazil New Save\wmbrzil\vcproj-9\char-server_sql\Debug\link.command.1.tlog
C:\Users\Gary\Desktop\Brazil New Save\wmbrzil\vcproj-9\char-server_sql\Debug\link.read.1.tlog
C:\Users\Gary\Desktop\Brazil New Save\wmbrzil\vcproj-9\char-server_sql\Debug\link.write.1.tlog
C:\Users\Gary\Desktop\Brazil New Save\wmbrzil\vcproj-9\char-server_sql\Debug\link-cvtres.read.1.tlog
C:\Users\Gary\Desktop\Brazil New Save\wmbrzil\vcproj-9\char-server_sql\Debug\link-cvtres.write.1.tlog
C:\USERS\GARY\DESKTOP\BRAZIL NEW SAVE\WMBRZIL\VCPROJ-9\CHAR-SERVER_SQL\DEBUG\LOCK.OBJ
C:\USERS\GARY\DESKTOP\BRAZIL NEW SAVE\WMBRZIL\VCPROJ-9\CHAR-SERVER_SQL\DEBUG\MALLOC.OBJ
C:\USERS\GARY\DESKTOP\BRAZIL NEW SAVE\WMBRZIL\VCPROJ-9\CHAR-SERVER_SQL\DEBUG\MAPINDEX.OBJ
C:\Users\Gary\Desktop\Brazil New Save\wmbrzil\vcproj-9\char-server_sql\Debug\mt.command.1.tlog
C:\Users\Gary\Desktop\Brazil New Save\wmbrzil\vcproj-9\char-server_sql\Debug\mt.read.1.tlog
C:\Users\Gary\Desktop\Brazil New Save\wmbrzil\vcproj-9\char-server_sql\Debug\mt.write.1.tlog
C:\USERS\GARY\DESKTOP\BRAZIL NEW SAVE\WMBRZIL\VCPROJ-9\CHAR-SERVER_SQL\DEBUG\MT19937AR.OBJ
C:\USERS\GARY\DESKTOP\BRAZIL NEW SAVE\WMBRZIL\VCPROJ-9\CHAR-SERVER_SQL\DEBUG\NULLPO.OBJ
C:\USERS\GARY\DESKTOP\BRAZIL NEW SAVE\WMBRZIL\VCPROJ-9\CHAR-SERVER_SQL\DEBUG\PLUGINS.OBJ
C:\USERS\GARY\DESKTOP\BRAZIL NEW SAVE\WMBRZIL\VCPROJ-9\CHAR-SERVER_SQL\DEBUG\RANDOM.OBJ
C:\Users\Gary\Desktop\Brazil New Save\wmbrzil\vcproj-9\char-server_sql\Debug\rc.command.1.tlog
C:\Users\Gary\Desktop\Brazil New Save\wmbrzil\vcproj-9\char-server_sql\Debug\rc.read.1.tlog
C:\Users\Gary\Desktop\Brazil New Save\wmbrzil\vcproj-9\char-server_sql\Debug\rc.write.1.tlog
C:\USERS\GARY\DESKTOP\BRAZIL NEW SAVE\WMBRZIL\VCPROJ-9\CHAR-SERVER_SQL\DEBUG\SHOWMSG.OBJ
C:\USERS\GARY\DESKTOP\BRAZIL NEW SAVE\WMBRZIL\VCPROJ-9\CHAR-SERVER_SQL\DEBUG\SOCKET.OBJ
C:\USERS\GARY\DESKTOP\BRAZIL NEW SAVE\WMBRZIL\VCPROJ-9\CHAR-SERVER_SQL\DEBUG\SQL.OBJ
C:\USERS\GARY\DESKTOP\BRAZIL NEW SAVE\WMBRZIL\VCPROJ-9\CHAR-SERVER_SQL\DEBUG\STRLIB.OBJ
C:\USERS\GARY\DESKTOP\BRAZIL NEW SAVE\WMBRZIL\VCPROJ-9\CHAR-SERVER_SQL\DEBUG\TIMER.OBJ
C:\USERS\GARY\DESKTOP\BRAZIL NEW SAVE\WMBRZIL\VCPROJ-9\CHAR-SERVER_SQL\DEBUG\UTILS.OBJ
C:\Users\Gary\Desktop\Brazil New Save\wmbrzil\vcproj-9\char-server_sql\Debug\vc100.idb
C:\USERS\GARY\DESKTOP\BRAZIL NEW SAVE\WMBRZIL\VCPROJ-9\CHAR-SERVER_SQL\DEBUG\VC100.PDB
